<?xml version="1.0" encoding="UTF-8"?>
<!-- Generated by org.testng.reporters.JUnitReportReporter -->
<testsuite hostname="DESKTOP-A1KRGJM" name="com.teksys.executer.Test1" tests="1" failures="0" timestamp="11 Oct 2018 01:20:52 GMT" time="18.582" errors="0">
  <testcase name="LandingPg" time="18.582" classname="com.teksys.executer.Test1"/>
</testsuite> <!-- com.teksys.executer.Test1 -->
